<?xml version="1.0" encoding="UTF-8"?>
<!-- Generated by org.testng.reporters.JUnitReportReporter -->
<testsuite hostname="tintu" failures="0" tests="1" name="com.testrunner.TestRunner" time="11.043" errors="0" timestamp="19 Dec 2021 15:52:05 GMT" skipped="0">
  <testcase classname="com.testrunner.TestRunner" name="runScenario" time="11.043"/>
</testsuite> <!-- com.testrunner.TestRunner -->
