<?xml version="1.0" encoding="UTF-8"?>
<!-- Generated by org.testng.reporters.JUnitReportReporter -->
<testsuite hostname="tintu" failures="0" tests="1" name="com.testrunner.TestRunner" time="12.170" errors="0" timestamp="11 Dec 2021 17:03:20 GMT" skipped="0">
  <testcase classname="com.testrunner.TestRunner" name="runScenario" time="12.170"/>
</testsuite> <!-- com.testrunner.TestRunner -->
